<?xml version="1.0" encoding="UTF-8"?>
<!-- Generated by org.testng.reporters.JUnitXMLReporter -->
<testsuite ignored="26" hostname="DESKTOP-14S2SR6" failures="0" tests="24" name="nocommercedemo application test" time="461.01" errors="0" timestamp="2024-04-18T20:04:04 IST">
  <testcase classname="com.nocommercedemo.Testcases.HomePageTest" name="homepagepageTitle" time="0.055"/>
  <testcase classname="com.nocommercedemo.Testcases.HomePageTest" name="homepageallfunctions" time="29.322"/>
  <testcase classname="com.nocommercedemo.Testcases.RegisterPageTest" name="Registertitlepage" time="1.006"/>
  <testcase classname="com.nocommercedemo.Testcases.RegisterPageTest" name="createAccountTest" time="4.358"/>
  <testcase classname="com.nocommercedemo.Testcases.RegisterPageTest" name="createAccountTest" time="4.488"/>
  <testcase classname="com.nocommercedemo.Testcases.LoginPageTest" name="loginpage" time="2.927"/>
  <testcase classname="com.nocommercedemo.Testcases.LoginPageTest" name="logintitlepage" time="0.941"/>
  <testcase classname="com.nocommercedemo.Testcases.MyAcoountPageTest" name="myaccountpageTitle" time="0.813"/>
  <testcase classname="com.nocommercedemo.Testcases.MyAcoountPageTest" name="myaccount" time="11.684"/>
  <testcase classname="com.nocommercedemo.Testcases.ComputerPageTest" name="computerpageTitle" time="1.243"/>
  <testcase classname="com.nocommercedemo.Testcases.ComputerPageTest" name="computeritems" time="7.794"/>
  <testcase classname="com.nocommercedemo.Testcases.DeskTopPageTest" name="desktoppageTitle" time="0.023"/>
  <testcase classname="com.nocommercedemo.Testcases.DeskTopPageTest" name="selectcputype" time="12.594"/>
  <testcase classname="com.nocommercedemo.Testcases.ProductInfoPageTest" name="addwishandcomparelist" time="3.372"/>
  <testcase classname="com.nocommercedemo.Testcases.WishlistPageTest" name="wishlisttable" time="7.293"/>
  <testcase classname="com.nocommercedemo.Testcases.WishlistPageTest" name="wishlistpagepageTitle" time="0.03"/>
  <testcase classname="com.nocommercedemo.Testcases.ShopingCartPageTest" name="CartpageTitle" time="0.056"/>
  <testcase classname="com.nocommercedemo.Testcases.ShopingCartPageTest" name="verifyAddtocart" time="16.03"/>
  <testcase classname="com.nocommercedemo.Testcases.CheckoutBillingPageTest" name="verifybillingpage" time="6.697"/>
  <testcase classname="com.nocommercedemo.Testcases.CheckoutBillingPageTest" name="verifytitleofbillingpage" time="0.049"/>
  <testcase classname="com.nocommercedemo.Testcases.CheckoutShippingMethodPageTest" name="verifyshippingmethodpage" time="7.618"/>
  <testcase classname="com.nocommercedemo.Testcases.CheckoutPaymentmethodPageTest" name="verifypaymentmethodpage" time="1.114"/>
  <testcase classname="com.nocommercedemo.Testcases.CheckoutCardtypemethodpageTest" name="verifycardmethodmethodpage" time="2.65"/>
  <testcase classname="com.nocommercedemo.Testcases.OrderConfirmPageTest" name="verifyConfirmOdrerpage" time="3.942"/>
  <testcase classname="com.nocommercedemo.Base.Baseclass" name="@BeforeSuite loadConfig" time="0.0">
    <ignored/>
  </testcase> <!-- @BeforeSuite loadConfig -->
  <testcase classname="com.nocommercedemo.Base.Baseclass" name="@BeforeSuite loadConfig" time="0.0">
    <ignored/>
  </testcase> <!-- @BeforeSuite loadConfig -->
  <testcase classname="com.nocommercedemo.Base.Baseclass" name="@BeforeSuite loadConfig" time="0.0">
    <ignored/>
  </testcase> <!-- @BeforeSuite loadConfig -->
  <testcase classname="com.nocommercedemo.Base.Baseclass" name="@BeforeSuite loadConfig" time="0.0">
    <ignored/>
  </testcase> <!-- @BeforeSuite loadConfig -->
  <testcase classname="com.nocommercedemo.Base.Baseclass" name="@BeforeSuite loadConfig" time="0.0">
    <ignored/>
  </testcase> <!-- @BeforeSuite loadConfig -->
  <testcase classname="com.nocommercedemo.Base.Baseclass" name="@BeforeSuite loadConfig" time="0.0">
    <ignored/>
  </testcase> <!-- @BeforeSuite loadConfig -->
  <testcase classname="com.nocommercedemo.Base.Baseclass" name="@BeforeSuite loadConfig" time="0.0">
    <ignored/>
  </testcase> <!-- @BeforeSuite loadConfig -->
  <testcase classname="com.nocommercedemo.Base.Baseclass" name="@BeforeSuite loadConfig" time="0.0">
    <ignored/>
  </testcase> <!-- @BeforeSuite loadConfig -->
  <testcase classname="com.nocommercedemo.Base.Baseclass" name="@BeforeSuite loadConfig" time="0.0">
    <ignored/>
  </testcase> <!-- @BeforeSuite loadConfig -->
  <testcase classname="com.nocommercedemo.Base.Baseclass" name="@BeforeSuite loadConfig" time="0.0">
    <ignored/>
  </testcase> <!-- @BeforeSuite loadConfig -->
  <testcase classname="com.nocommercedemo.Base.Baseclass" name="@BeforeSuite loadConfig" time="0.0">
    <ignored/>
  </testcase> <!-- @BeforeSuite loadConfig -->
  <testcase classname="com.nocommercedemo.Base.Baseclass" name="@BeforeSuite loadConfig" time="0.0">
    <ignored/>
  </testcase> <!-- @BeforeSuite loadConfig -->
  <testcase classname="com.nocommercedemo.Base.Baseclass" name="@BeforeSuite loadConfig" time="0.0">
    <ignored/>
  </testcase> <!-- @BeforeSuite loadConfig -->
  <testcase classname="com.nocommercedemo.Base.Baseclass" name="@AfterSuite afterSuite" time="0.0">
    <ignored/>
  </testcase> <!-- @AfterSuite afterSuite -->
  <testcase classname="com.nocommercedemo.Base.Baseclass" name="@AfterSuite afterSuite" time="0.0">
    <ignored/>
  </testcase> <!-- @AfterSuite afterSuite -->
  <testcase classname="com.nocommercedemo.Base.Baseclass" name="@AfterSuite afterSuite" time="0.0">
    <ignored/>
  </testcase> <!-- @AfterSuite afterSuite -->
  <testcase classname="com.nocommercedemo.Base.Baseclass" name="@AfterSuite afterSuite" time="0.0">
    <ignored/>
  </testcase> <!-- @AfterSuite afterSuite -->
  <testcase classname="com.nocommercedemo.Base.Baseclass" name="@AfterSuite afterSuite" time="0.0">
    <ignored/>
  </testcase> <!-- @AfterSuite afterSuite -->
  <testcase classname="com.nocommercedemo.Base.Baseclass" name="@AfterSuite afterSuite" time="0.0">
    <ignored/>
  </testcase> <!-- @AfterSuite afterSuite -->
  <testcase classname="com.nocommercedemo.Base.Baseclass" name="@AfterSuite afterSuite" time="0.0">
    <ignored/>
  </testcase> <!-- @AfterSuite afterSuite -->
  <testcase classname="com.nocommercedemo.Base.Baseclass" name="@AfterSuite afterSuite" time="0.0">
    <ignored/>
  </testcase> <!-- @AfterSuite afterSuite -->
  <testcase classname="com.nocommercedemo.Base.Baseclass" name="@AfterSuite afterSuite" time="0.0">
    <ignored/>
  </testcase> <!-- @AfterSuite afterSuite -->
  <testcase classname="com.nocommercedemo.Base.Baseclass" name="@AfterSuite afterSuite" time="0.0">
    <ignored/>
  </testcase> <!-- @AfterSuite afterSuite -->
  <testcase classname="com.nocommercedemo.Base.Baseclass" name="@AfterSuite afterSuite" time="0.0">
    <ignored/>
  </testcase> <!-- @AfterSuite afterSuite -->
  <testcase classname="com.nocommercedemo.Base.Baseclass" name="@AfterSuite afterSuite" time="0.0">
    <ignored/>
  </testcase> <!-- @AfterSuite afterSuite -->
  <testcase classname="com.nocommercedemo.Base.Baseclass" name="@AfterSuite afterSuite" time="0.0">
    <ignored/>
  </testcase> <!-- @AfterSuite afterSuite -->
</testsuite> <!-- nocommercedemo application test -->
